{"C:\\Users\\david\\OneDrive\\Desktop\\Modulo8\\codigo\\Proyecto-Testing-Y-Seguridad\\Proyecto-Testing-Y-Seguridad\\api\\src\\tests\\factories\\projectsFactory.ts": {"path":"C:\\Users\\david\\OneDrive\\Desktop\\Modulo8\\codigo\\Proyecto-Testing-Y-Seguridad\\Proyecto-Testing-Y-Seguridad\\api\\src\\tests\\factories\\projectsFactory.ts","statementMap":{"0":{"start":{"line":3,"column":23},"end":{"line":3,"column":24}},"1":{"start":{"line":8,"column":13},"end":{"line":8,"column":58}},"2":{"start":{"line":10,"column":34},"end":{"line":25,"column":4}},"3":{"start":{"line":27,"column":2},"end":{"line":27,"column":24}},"4":{"start":{"line":29,"column":2},"end":{"line":29,"column":17}},"5":{"start":{"line":5,"column":0},"end":{"line":5,"column":16}},"6":{"start":{"line":36,"column":2},"end":{"line":36,"column":70}},"7":{"start":{"line":36,"column":45},"end":{"line":36,"column":68}},"8":{"start":{"line":32,"column":0},"end":{"line":32,"column":16}},"9":{"start":{"line":40,"column":2},"end":{"line":40,"column":23}},"10":{"start":{"line":39,"column":0},"end":{"line":39,"column":16}}},"fnMap":{"0":{"name":"buildProject","decl":{"start":{"line":5,"column":16},"end":{"line":5,"column":28}},"loc":{"start":{"line":6,"column":41},"end":{"line":30,"column":1}}},"1":{"name":"buildProjects","decl":{"start":{"line":32,"column":16},"end":{"line":32,"column":29}},"loc":{"start":{"line":34,"column":41},"end":{"line":37,"column":1}}},"2":{"name":"(anonymous_2)","decl":{"start":{"line":36,"column":39},"end":{"line":36,"column":42}},"loc":{"start":{"line":36,"column":45},"end":{"line":36,"column":68}}},"3":{"name":"resetProjectFactory","decl":{"start":{"line":39,"column":16},"end":{"line":39,"column":35}},"loc":{"start":{"line":39,"column":35},"end":{"line":41,"column":1}}}},"branchMap":{"0":{"loc":{"start":{"line":6,"column":2},"end":{"line":6,"column":41}},"type":"default-arg","locations":[{"start":{"line":6,"column":39},"end":{"line":6,"column":41}}]},"1":{"loc":{"start":{"line":8,"column":13},"end":{"line":8,"column":58}},"type":"cond-expr","locations":[{"start":{"line":8,"column":25},"end":{"line":8,"column":29}},{"start":{"line":8,"column":29},"end":{"line":8,"column":58}}]},"2":{"loc":{"start":{"line":8,"column":13},"end":{"line":8,"column":29}},"type":"binary-expr","locations":[{"start":{"line":8,"column":13},"end":{"line":8,"column":29}},{"start":{"line":8,"column":25},"end":{"line":8,"column":29}}]},"3":{"loc":{"start":{"line":12,"column":11},"end":{"line":12,"column":60}},"type":"cond-expr","locations":[{"start":{"line":12,"column":26},"end":{"line":12,"column":30}},{"start":{"line":12,"column":30},"end":{"line":12,"column":60}}]},"4":{"loc":{"start":{"line":12,"column":11},"end":{"line":12,"column":30}},"type":"binary-expr","locations":[{"start":{"line":12,"column":11},"end":{"line":12,"column":30}},{"start":{"line":12,"column":26},"end":{"line":12,"column":30}}]},"5":{"loc":{"start":{"line":14,"column":6},"end":{"line":14,"column":77}},"type":"cond-expr","locations":[{"start":{"line":14,"column":27},"end":{"line":14,"column":31}},{"start":{"line":14,"column":31},"end":{"line":14,"column":77}}]},"6":{"loc":{"start":{"line":14,"column":6},"end":{"line":14,"column":31}},"type":"binary-expr","locations":[{"start":{"line":14,"column":6},"end":{"line":14,"column":31}},{"start":{"line":14,"column":27},"end":{"line":14,"column":31}}]},"7":{"loc":{"start":{"line":15,"column":18},"end":{"line":15,"column":64}},"type":"cond-expr","locations":[{"start":{"line":15,"column":40},"end":{"line":15,"column":44}},{"start":{"line":15,"column":44},"end":{"line":15,"column":64}}]},"8":{"loc":{"start":{"line":15,"column":18},"end":{"line":15,"column":44}},"type":"binary-expr","locations":[{"start":{"line":15,"column":18},"end":{"line":15,"column":44}},{"start":{"line":15,"column":40},"end":{"line":15,"column":44}}]},"9":{"loc":{"start":{"line":17,"column":6},"end":{"line":18,"column":62}},"type":"cond-expr","locations":[{"start":{"line":17,"column":23},"end":{"line":17,"column":null}},{"start":{"line":18,"column":6},"end":{"line":18,"column":62}}]},"10":{"loc":{"start":{"line":17,"column":6},"end":{"line":17,"column":null}},"type":"binary-expr","locations":[{"start":{"line":17,"column":6},"end":{"line":17,"column":null}},{"start":{"line":17,"column":23},"end":{"line":17,"column":null}}]},"11":{"loc":{"start":{"line":20,"column":6},"end":{"line":21,"column":55}},"type":"cond-expr","locations":[{"start":{"line":20,"column":23},"end":{"line":20,"column":null}},{"start":{"line":21,"column":6},"end":{"line":21,"column":55}}]},"12":{"loc":{"start":{"line":20,"column":6},"end":{"line":20,"column":null}},"type":"binary-expr","locations":[{"start":{"line":20,"column":6},"end":{"line":20,"column":null}},{"start":{"line":20,"column":23},"end":{"line":20,"column":null}}]},"13":{"loc":{"start":{"line":22,"column":14},"end":{"line":22,"column":37}},"type":"cond-expr","locations":[{"start":{"line":22,"column":32},"end":{"line":22,"column":36}},{"start":{"line":22,"column":36},"end":{"line":22,"column":37}}]},"14":{"loc":{"start":{"line":22,"column":14},"end":{"line":22,"column":36}},"type":"binary-expr","locations":[{"start":{"line":22,"column":14},"end":{"line":22,"column":36}},{"start":{"line":22,"column":32},"end":{"line":22,"column":36}}]},"15":{"loc":{"start":{"line":24,"column":6},"end":{"line":24,"column":66}},"type":"cond-expr","locations":[{"start":{"line":24,"column":41},"end":{"line":24,"column":59}},{"start":{"line":24,"column":62},"end":{"line":24,"column":66}}]},"16":{"loc":{"start":{"line":34,"column":2},"end":{"line":34,"column":41}},"type":"default-arg","locations":[{"start":{"line":34,"column":39},"end":{"line":34,"column":41}}]}},"s":{"0":1,"1":8,"2":8,"3":8,"4":8,"5":1,"6":1,"7":5,"8":1,"9":3,"10":1},"f":{"0":8,"1":1,"2":5,"3":3},"b":{"0":[2],"1":[0,8],"2":[8,8],"3":[1,7],"4":[8,8],"5":[0,8],"6":[8,8],"7":[0,8],"8":[8,8],"9":[0,8],"10":[8,8],"11":[0,8],"12":[8,8],"13":[0,8],"14":[8,8],"15":[1,7],"16":[1]}}
,"C:\\Users\\david\\OneDrive\\Desktop\\Modulo8\\codigo\\Proyecto-Testing-Y-Seguridad\\Proyecto-Testing-Y-Seguridad\\api\\src\\tests\\fixtures\\projects.ts": {"path":"C:\\Users\\david\\OneDrive\\Desktop\\Modulo8\\codigo\\Proyecto-Testing-Y-Seguridad\\Proyecto-Testing-Y-Seguridad\\api\\src\\tests\\fixtures\\projects.ts","statementMap":{"0":{"start":{"line":12,"column":13},"end":{"line":21,"column":2}},"1":{"start":{"line":23,"column":13},"end":{"line":51,"column":2}},"2":{"start":{"line":53,"column":13},"end":{"line":83,"column":2}}},"fnMap":{},"branchMap":{},"s":{"0":1,"1":1,"2":1},"f":{},"b":{}}
}
