TN:
SF:src\tests\factories\projectsFactory.ts
FN:5,buildProject
FN:32,buildProjects
FN:36,(anonymous_2)
FN:39,resetProjectFactory
FNF:4
FNH:4
FNDA:8,buildProject
FNDA:1,buildProjects
FNDA:5,(anonymous_2)
FNDA:3,resetProjectFactory
DA:3,1
DA:5,1
DA:8,8
DA:10,8
DA:27,8
DA:29,8
DA:32,1
DA:36,5
DA:39,1
DA:40,3
LF:10
LH:10
BRDA:6,0,0,2
BRDA:8,1,0,0
BRDA:8,1,1,8
BRDA:8,2,0,8
BRDA:8,2,1,8
BRDA:12,3,0,1
BRDA:12,3,1,7
BRDA:12,4,0,8
BRDA:12,4,1,8
BRDA:14,5,0,0
BRDA:14,5,1,8
BRDA:14,6,0,8
BRDA:14,6,1,8
BRDA:15,7,0,0
BRDA:15,7,1,8
BRDA:15,8,0,8
BRDA:15,8,1,8
BRDA:17,9,0,0
BRDA:17,9,1,8
BRDA:17,10,0,8
BRDA:17,10,1,8
BRDA:20,11,0,0
BRDA:20,11,1,8
BRDA:20,12,0,8
BRDA:20,12,1,8
BRDA:22,13,0,0
BRDA:22,13,1,8
BRDA:22,14,0,8
BRDA:22,14,1,8
BRDA:24,15,0,1
BRDA:24,15,1,7
BRDA:34,16,0,1
BRF:32
BRH:26
end_of_record
TN:
SF:src\tests\fixtures\projects.ts
FNF:0
FNH:0
DA:12,1
DA:23,1
DA:53,1
LF:3
LH:3
BRF:0
BRH:0
end_of_record
